\BOOKMARK [0][]{section*.4}{List of Figures}{}
\BOOKMARK [0][]{section*.6}{List of Tables}{}
\BOOKMARK [0][]{chapter.1}{Introduction}{}
\BOOKMARK [1][-]{section.1.1}{Motivation}{chapter.1}
\BOOKMARK [1][-]{section.1.2}{Scope/Objectives}{chapter.1}
\BOOKMARK [1][-]{section.1.3}{Particle Sizing Background}{chapter.1}
\BOOKMARK [0][]{chapter.2}{The Experimental Method}{}
\BOOKMARK [1][-]{section.2.1}{Optical Method for Planar Measurement of Spray Characteristics using Mie Scattering Theory}{chapter.2}
\BOOKMARK [1][-]{section.2.2}{Optical Diagnostics}{chapter.2}
\BOOKMARK [1][-]{section.2.3}{Data Processing}{chapter.2}
\BOOKMARK [2][-]{subsection.2.3.1}{Computation of Mie Theory Scattering Functions}{section.2.3}
\BOOKMARK [2][-]{subsection.2.3.2}{Image Processing}{section.2.3}
\BOOKMARK [2][-]{subsection.2.3.3}{Sizing Calculations}{section.2.3}
\BOOKMARK [0][]{chapter.3}{Results and Discussion}{}
\BOOKMARK [1][-]{section.3.1}{Introduction}{chapter.3}
\BOOKMARK [1][-]{section.3.2}{Limitations of Theory}{chapter.3}
\BOOKMARK [1][-]{section.3.3}{Sensitivity and Limitations of the Method}{chapter.3}
\BOOKMARK [2][-]{subsection.3.3.1}{Droplet Size Range}{section.3.3}
\BOOKMARK [2][-]{subsection.3.3.2}{Quantity and Location of Angular Images}{section.3.3}
\BOOKMARK [2][-]{subsection.3.3.3}{Signal Dynamic Range}{section.3.3}
\BOOKMARK [2][-]{subsection.3.3.4}{Identification of Distributions}{section.3.3}
\BOOKMARK [2][-]{subsection.3.3.5}{Angular Location of Detector}{section.3.3}
\BOOKMARK [2][-]{subsection.3.3.6}{Setup Method Comparison}{section.3.3}
\BOOKMARK [1][-]{section.3.4}{Conclusions and Recommendations}{chapter.3}
\BOOKMARK [0][]{section*.8}{Bibliography}{}
\BOOKMARK [0][]{appendix.B}{Example - Optical Method for Planar Measurement of Spray Characteristics}{}
\BOOKMARK [1][-]{section.B.1}{Get the Code}{appendix.B}
\BOOKMARK [2][-]{subsection.B.1.1}{Downloading the Dissertation Code}{section.B.1}
\BOOKMARK [2][-]{subsection.B.1.2}{Downloading the GitHub repository}{section.B.1}
\BOOKMARK [2][-]{subsection.B.1.3}{Installing the Code}{section.B.1}
\BOOKMARK [2][-]{subsection.B.1.4}{Contributing to the Code}{section.B.1}
\BOOKMARK [1][-]{section.B.2}{Creation of the Scattering Cross Section Database}{appendix.B}
\BOOKMARK [1][-]{section.B.3}{Make an Image Data Set}{appendix.B}
\BOOKMARK [2][-]{subsection.B.3.1}{Test the Intensity Function}{section.B.3}
\BOOKMARK [2][-]{subsection.B.3.2}{Real Images}{section.B.3}
\BOOKMARK [2][-]{subsection.B.3.3}{Make Simulated Data Images}{section.B.3}
\BOOKMARK [1][-]{section.B.4}{Image Processing the Data Set}{appendix.B}
\BOOKMARK [1][-]{section.B.5}{Size Processing the Data Set}{appendix.B}
